12.08.28 AM  [main] 	Initializing Control Panel
12.08.28 AM  [main] 	Windows Version:  Home  64-bit
12.08.28 AM  [main] 	XAMPP Version: 8.2.12
12.08.28 AM  [main] 	Control Panel Version: 3.3.0  [ Compiled: Apr 6th 2021 ]
12.08.28 AM  [main] 	You are not running with administrator rights! This will work for
12.08.28 AM  [main] 	most application stuff but whenever you do something with services
12.08.28 AM  [main] 	there will be a security dialogue or things will break! So think 
12.08.28 AM  [main] 	about running this application with administrator rights!
12.08.28 AM  [main] 	XAMPP Installation Directory: "c:\xampp\"
12.08.28 AM  [main] 	Checking for prerequisites
12.08.28 AM  [main] 	All prerequisites found
12.08.28 AM  [main] 	Initializing Modules
12.08.28 AM  [Apache] 	XAMPP Apache is already running on port 80
12.08.28 AM  [Apache] 	XAMPP Apache is already running on port 443
12.08.28 AM  [main] 	Starting Check-Timer
12.08.28 AM  [main] 	Control Panel Ready
12.08.30 AM  [Apache] 	Attempting to stop Apache (PID: 18264)
12.08.30 AM  [Apache] 	Attempting to stop Apache (PID: 1648)
12.08.31 AM  [Apache] 	Status change detected: stopped
12.08.31 AM  [mysql] 	Attempting to start MySQL app...
12.08.32 AM  [mysql] 	Status change detected: running
12.15.43 AM  [main] 	Executing "services.msc"
12.16.00 AM  [Apache] 	Attempting to start Apache app...
12.16.00 AM  [Apache] 	Status change detected: running
12.21.20 AM  [main] 	Deinitializing Modules
12.21.20 AM  [main] 	Deinitializing Control Panel

6.31.40 PM  [main] 	Initializing Control Panel
6.31.40 PM  [main] 	Windows Version:  Home  64-bit
6.31.40 PM  [main] 	XAMPP Version: 8.2.12
6.31.40 PM  [main] 	Control Panel Version: 3.3.0  [ Compiled: Apr 6th 2021 ]
6.31.40 PM  [main] 	You are not running with administrator rights! This will work for
6.31.40 PM  [main] 	most application stuff but whenever you do something with services
6.31.40 PM  [main] 	there will be a security dialogue or things will break! So think 
6.31.40 PM  [main] 	about running this application with administrator rights!
6.31.40 PM  [main] 	XAMPP Installation Directory: "c:\xampp\"
6.31.40 PM  [main] 	Checking for prerequisites
6.31.42 PM  [main] 	All prerequisites found
6.31.42 PM  [main] 	Initializing Modules
6.31.42 PM  [main] 	Starting Check-Timer
6.31.42 PM  [main] 	Control Panel Ready
6.31.45 PM  [Apache] 	Attempting to start Apache app...
6.31.47 PM  [Apache] 	Status change detected: running
6.31.50 PM  [mysql] 	Attempting to start MySQL app...
6.31.50 PM  [mysql] 	Status change detected: running
6.40.21 PM  [main] 	Executing "c:\xampp\mysql"
4.53.34 PM  [main] 	Deinitializing Modules
4.53.34 PM  [main] 	Deinitializing Control Panel

