[Wed Mar 06 12:42:03.178566 2024] [ssl:warn] [pid 13572:tid 328] AH01909: www.example.com:443:0 server certificate does NOT include an ID which matches the server name
[Wed Mar 06 12:42:03.284990 2024] [ssl:warn] [pid 13572:tid 328] AH01909: www.example.com:443:0 server certificate does NOT include an ID which matches the server name
[Wed Mar 06 12:42:03.699419 2024] [mpm_winnt:notice] [pid 13572:tid 328] AH00455: Apache/2.4.58 (Win64) OpenSSL/3.1.3 PHP/8.2.12 configured -- resuming normal operations
[Wed Mar 06 12:42:03.699419 2024] [mpm_winnt:notice] [pid 13572:tid 328] AH00456: Apache Lounge VS17 Server built: Oct 18 2023 13:03:18
[Wed Mar 06 12:42:03.699419 2024] [core:notice] [pid 13572:tid 328] AH00094: Command line: 'C:\\xampp\\apache\\bin\\httpd.exe -d C:/xampp/apache'
[Wed Mar 06 12:42:03.715805 2024] [mpm_winnt:notice] [pid 13572:tid 328] AH00418: Parent: Created child process 19564
[Wed Mar 06 12:42:04.481734 2024] [ssl:warn] [pid 19564:tid 320] AH01909: www.example.com:443:0 server certificate does NOT include an ID which matches the server name
[Wed Mar 06 12:42:04.564559 2024] [ssl:warn] [pid 19564:tid 320] AH01909: www.example.com:443:0 server certificate does NOT include an ID which matches the server name
[Wed Mar 06 12:42:04.650972 2024] [mpm_winnt:notice] [pid 19564:tid 320] AH00354: Child: Starting 150 worker threads.
[Wed Mar 06 12:42:47.004535 2024] [ssl:warn] [pid 13608:tid 332] AH01909: www.example.com:443:0 server certificate does NOT include an ID which matches the server name
[Wed Mar 06 12:42:47.078718 2024] [ssl:warn] [pid 13608:tid 332] AH01909: www.example.com:443:0 server certificate does NOT include an ID which matches the server name
[Wed Mar 06 12:42:47.153967 2024] [mpm_winnt:notice] [pid 13608:tid 332] AH00455: Apache/2.4.58 (Win64) OpenSSL/3.1.3 PHP/8.2.12 configured -- resuming normal operations
[Wed Mar 06 12:42:47.153967 2024] [mpm_winnt:notice] [pid 13608:tid 332] AH00456: Apache Lounge VS17 Server built: Oct 18 2023 13:03:18
[Wed Mar 06 12:42:47.153967 2024] [core:notice] [pid 13608:tid 332] AH00094: Command line: 'c:\\xampp\\apache\\bin\\httpd.exe -d C:/xampp/apache'
[Wed Mar 06 12:42:47.164144 2024] [mpm_winnt:notice] [pid 13608:tid 332] AH00418: Parent: Created child process 2352
[Wed Mar 06 12:42:48.086270 2024] [ssl:warn] [pid 2352:tid 340] AH01909: www.example.com:443:0 server certificate does NOT include an ID which matches the server name
[Wed Mar 06 12:42:48.157775 2024] [ssl:warn] [pid 2352:tid 340] AH01909: www.example.com:443:0 server certificate does NOT include an ID which matches the server name
[Wed Mar 06 12:42:48.226917 2024] [mpm_winnt:notice] [pid 2352:tid 340] AH00354: Child: Starting 150 worker threads.
[Wed Mar 06 14:33:32.263057 2024] [ssl:warn] [pid 21276:tid 364] AH01909: www.example.com:443:0 server certificate does NOT include an ID which matches the server name
[Wed Mar 06 14:33:32.325545 2024] [core:warn] [pid 21276:tid 364] AH00098: pid file C:/xampp/apache/logs/httpd.pid overwritten -- Unclean shutdown of previous Apache run?
[Wed Mar 06 14:33:32.325545 2024] [ssl:warn] [pid 21276:tid 364] AH01909: www.example.com:443:0 server certificate does NOT include an ID which matches the server name
[Wed Mar 06 14:33:32.388031 2024] [mpm_winnt:notice] [pid 21276:tid 364] AH00455: Apache/2.4.58 (Win64) OpenSSL/3.1.3 PHP/8.2.12 configured -- resuming normal operations
[Wed Mar 06 14:33:32.388031 2024] [mpm_winnt:notice] [pid 21276:tid 364] AH00456: Apache Lounge VS17 Server built: Oct 18 2023 13:03:18
[Wed Mar 06 14:33:32.388031 2024] [core:notice] [pid 21276:tid 364] AH00094: Command line: 'c:\\xampp\\apache\\bin\\httpd.exe -d C:/xampp/apache'
[Wed Mar 06 14:33:32.388031 2024] [mpm_winnt:notice] [pid 21276:tid 364] AH00418: Parent: Created child process 5704
[Wed Mar 06 14:33:33.106611 2024] [ssl:warn] [pid 5704:tid 352] AH01909: www.example.com:443:0 server certificate does NOT include an ID which matches the server name
[Wed Mar 06 14:33:33.153473 2024] [ssl:warn] [pid 5704:tid 352] AH01909: www.example.com:443:0 server certificate does NOT include an ID which matches the server name
[Wed Mar 06 14:33:33.215960 2024] [mpm_winnt:notice] [pid 5704:tid 352] AH00354: Child: Starting 150 worker threads.
[Wed Mar 06 15:03:10.402968 2024] [ssl:warn] [pid 21108:tid 332] AH01909: www.example.com:443:0 server certificate does NOT include an ID which matches the server name
[Wed Mar 06 15:03:10.476056 2024] [core:warn] [pid 21108:tid 332] AH00098: pid file C:/xampp/apache/logs/httpd.pid overwritten -- Unclean shutdown of previous Apache run?
[Wed Mar 06 15:03:10.479100 2024] [ssl:warn] [pid 21108:tid 332] AH01909: www.example.com:443:0 server certificate does NOT include an ID which matches the server name
[Wed Mar 06 15:03:10.556965 2024] [mpm_winnt:notice] [pid 21108:tid 332] AH00455: Apache/2.4.58 (Win64) OpenSSL/3.1.3 PHP/8.2.12 configured -- resuming normal operations
[Wed Mar 06 15:03:10.556965 2024] [mpm_winnt:notice] [pid 21108:tid 332] AH00456: Apache Lounge VS17 Server built: Oct 18 2023 13:03:18
[Wed Mar 06 15:03:10.556965 2024] [core:notice] [pid 21108:tid 332] AH00094: Command line: 'c:\\xampp\\apache\\bin\\httpd.exe -d C:/xampp/apache'
[Wed Mar 06 15:03:10.561934 2024] [mpm_winnt:notice] [pid 21108:tid 332] AH00418: Parent: Created child process 21080
[Wed Mar 06 15:03:11.377573 2024] [ssl:warn] [pid 21080:tid 328] AH01909: www.example.com:443:0 server certificate does NOT include an ID which matches the server name
[Wed Mar 06 15:03:11.469253 2024] [ssl:warn] [pid 21080:tid 328] AH01909: www.example.com:443:0 server certificate does NOT include an ID which matches the server name
[Wed Mar 06 15:03:11.615393 2024] [mpm_winnt:notice] [pid 21080:tid 328] AH00354: Child: Starting 150 worker threads.
[Wed Mar 06 15:22:27.436212 2024] [php:warn] [pid 21080:tid 1860] [client ::1:62327] PHP Warning:  include(../includes/footer.php): Failed to open stream: No such file or directory in C:\\xampp\\htdocs\\HostelManagement-PHP\\student\\log-activity.php on line 138, referer: http://localhost/HostelManagement-PHP/student/room-details.php
[Wed Mar 06 15:22:27.437212 2024] [php:warn] [pid 21080:tid 1860] [client ::1:62327] PHP Warning:  include(): Failed opening '../includes/footer.php' for inclusion (include_path='C:\\xampp\\php\\PEAR') in C:\\xampp\\htdocs\\HostelManagement-PHP\\student\\log-activity.php on line 138, referer: http://localhost/HostelManagement-PHP/student/room-details.php
[Wed Mar 06 15:22:31.253329 2024] [php:warn] [pid 21080:tid 1864] [client ::1:62330] PHP Warning:  include(../includes/footer.php): Failed to open stream: No such file or directory in C:\\xampp\\htdocs\\HostelManagement-PHP\\student\\log-activity.php on line 138, referer: http://localhost/HostelManagement-PHP/student/room-details.php
[Wed Mar 06 15:22:31.253329 2024] [php:warn] [pid 21080:tid 1864] [client ::1:62330] PHP Warning:  include(): Failed opening '../includes/footer.php' for inclusion (include_path='C:\\xampp\\php\\PEAR') in C:\\xampp\\htdocs\\HostelManagement-PHP\\student\\log-activity.php on line 138, referer: http://localhost/HostelManagement-PHP/student/room-details.php
[Wed Mar 06 15:28:01.338978 2024] [php:warn] [pid 21080:tid 1860] [client ::1:62565] PHP Warning:  include(../includes/footer.php): Failed to open stream: No such file or directory in C:\\xampp\\htdocs\\HostelManagement-PHP\\student\\log-activity.php on line 138, referer: http://localhost/HostelManagement-PHP/student/dashboard.php
[Wed Mar 06 15:28:01.339975 2024] [php:warn] [pid 21080:tid 1860] [client ::1:62565] PHP Warning:  include(): Failed opening '../includes/footer.php' for inclusion (include_path='C:\\xampp\\php\\PEAR') in C:\\xampp\\htdocs\\HostelManagement-PHP\\student\\log-activity.php on line 138, referer: http://localhost/HostelManagement-PHP/student/dashboard.php
[Wed Mar 06 15:48:12.240903 2024] [php:warn] [pid 21080:tid 1848] [client ::1:63262] PHP Warning:  include(../includes/footer.php): Failed to open stream: No such file or directory in C:\\xampp\\htdocs\\HostelManagement-PHP\\student\\log-activity.php on line 138, referer: http://localhost/HostelManagement-PHP/student/dashboard.php
[Wed Mar 06 15:48:12.243896 2024] [php:warn] [pid 21080:tid 1848] [client ::1:63262] PHP Warning:  include(): Failed opening '../includes/footer.php' for inclusion (include_path='C:\\xampp\\php\\PEAR') in C:\\xampp\\htdocs\\HostelManagement-PHP\\student\\log-activity.php on line 138, referer: http://localhost/HostelManagement-PHP/student/dashboard.php
[Wed Mar 06 15:48:19.356874 2024] [php:warn] [pid 21080:tid 1884] [client ::1:63274] PHP Warning:  include(../includes/footer.php): Failed to open stream: No such file or directory in C:\\xampp\\htdocs\\HostelManagement-PHP\\student\\log-activity.php on line 138, referer: http://localhost/HostelManagement-PHP/student/dashboard.php
[Wed Mar 06 15:48:19.356874 2024] [php:warn] [pid 21080:tid 1884] [client ::1:63274] PHP Warning:  include(): Failed opening '../includes/footer.php' for inclusion (include_path='C:\\xampp\\php\\PEAR') in C:\\xampp\\htdocs\\HostelManagement-PHP\\student\\log-activity.php on line 138, referer: http://localhost/HostelManagement-PHP/student/dashboard.php
[Tue Mar 12 20:12:47.525262 2024] [ssl:warn] [pid 18552:tid 328] AH01909: www.example.com:443:0 server certificate does NOT include an ID which matches the server name
[Tue Mar 12 20:12:47.638927 2024] [core:warn] [pid 18552:tid 328] AH00098: pid file C:/xampp/apache/logs/httpd.pid overwritten -- Unclean shutdown of previous Apache run?
[Tue Mar 12 20:12:47.645181 2024] [ssl:warn] [pid 18552:tid 328] AH01909: www.example.com:443:0 server certificate does NOT include an ID which matches the server name
[Tue Mar 12 20:12:48.121086 2024] [mpm_winnt:notice] [pid 18552:tid 328] AH00455: Apache/2.4.58 (Win64) OpenSSL/3.1.3 PHP/8.2.12 configured -- resuming normal operations
[Tue Mar 12 20:12:48.121086 2024] [mpm_winnt:notice] [pid 18552:tid 328] AH00456: Apache Lounge VS17 Server built: Oct 18 2023 13:03:18
[Tue Mar 12 20:12:48.121086 2024] [core:notice] [pid 18552:tid 328] AH00094: Command line: 'c:\\xampp\\apache\\bin\\httpd.exe -d C:/xampp/apache'
[Tue Mar 12 20:12:48.145529 2024] [mpm_winnt:notice] [pid 18552:tid 328] AH00418: Parent: Created child process 19728
[Tue Mar 12 20:12:49.208518 2024] [ssl:warn] [pid 19728:tid 344] AH01909: www.example.com:443:0 server certificate does NOT include an ID which matches the server name
[Tue Mar 12 20:12:49.275406 2024] [ssl:warn] [pid 19728:tid 344] AH01909: www.example.com:443:0 server certificate does NOT include an ID which matches the server name
[Tue Mar 12 20:12:49.387704 2024] [mpm_winnt:notice] [pid 19728:tid 344] AH00354: Child: Starting 150 worker threads.
[Tue Mar 12 20:16:51.033311 2024] [ssl:warn] [pid 2348:tid 344] AH01909: www.example.com:443:0 server certificate does NOT include an ID which matches the server name
[Tue Mar 12 20:16:51.110097 2024] [core:warn] [pid 2348:tid 344] AH00098: pid file C:/xampp/apache/logs/httpd.pid overwritten -- Unclean shutdown of previous Apache run?
[Tue Mar 12 20:16:51.114394 2024] [ssl:warn] [pid 2348:tid 344] AH01909: www.example.com:443:0 server certificate does NOT include an ID which matches the server name
[Tue Mar 12 20:16:51.175664 2024] [mpm_winnt:notice] [pid 2348:tid 344] AH00455: Apache/2.4.58 (Win64) OpenSSL/3.1.3 PHP/8.2.12 configured -- resuming normal operations
[Tue Mar 12 20:16:51.175664 2024] [mpm_winnt:notice] [pid 2348:tid 344] AH00456: Apache Lounge VS17 Server built: Oct 18 2023 13:03:18
[Tue Mar 12 20:16:51.175664 2024] [core:notice] [pid 2348:tid 344] AH00094: Command line: 'c:\\xampp\\apache\\bin\\httpd.exe -d C:/xampp/apache'
[Tue Mar 12 20:16:51.190650 2024] [mpm_winnt:notice] [pid 2348:tid 344] AH00418: Parent: Created child process 908
[Tue Mar 12 20:16:52.254032 2024] [ssl:warn] [pid 908:tid 348] AH01909: www.example.com:443:0 server certificate does NOT include an ID which matches the server name
[Tue Mar 12 20:16:52.315769 2024] [ssl:warn] [pid 908:tid 348] AH01909: www.example.com:443:0 server certificate does NOT include an ID which matches the server name
[Tue Mar 12 20:16:52.378580 2024] [mpm_winnt:notice] [pid 908:tid 348] AH00354: Child: Starting 150 worker threads.
[Tue Mar 12 20:18:00.973197 2024] [php:warn] [pid 908:tid 1864] [client ::1:64502] PHP Warning:  include(../includes/footer.php): Failed to open stream: No such file or directory in C:\\xampp\\htdocs\\HostelManagement-PHP\\student\\log-activity.php on line 138, referer: http://localhost/HostelManagement-PHP/student/room-details.php
[Tue Mar 12 20:18:00.974195 2024] [php:warn] [pid 908:tid 1864] [client ::1:64502] PHP Warning:  include(): Failed opening '../includes/footer.php' for inclusion (include_path='C:\\xampp\\php\\PEAR') in C:\\xampp\\htdocs\\HostelManagement-PHP\\student\\log-activity.php on line 138, referer: http://localhost/HostelManagement-PHP/student/room-details.php
[Tue Mar 12 21:49:26.184408 2024] [php:warn] [pid 908:tid 1864] [client ::1:49350] PHP Warning:  include(../includes/footer.php): Failed to open stream: No such file or directory in C:\\xampp\\htdocs\\HostelManagement-PHP\\student\\log-activity.php on line 138, referer: http://localhost/HostelManagement-PHP/student/room-details.php
[Tue Mar 12 21:49:26.186402 2024] [php:warn] [pid 908:tid 1864] [client ::1:49350] PHP Warning:  include(): Failed opening '../includes/footer.php' for inclusion (include_path='C:\\xampp\\php\\PEAR') in C:\\xampp\\htdocs\\HostelManagement-PHP\\student\\log-activity.php on line 138, referer: http://localhost/HostelManagement-PHP/student/room-details.php
[Wed Mar 13 11:26:28.086390 2024] [ssl:warn] [pid 16192:tid 324] AH01909: www.example.com:443:0 server certificate does NOT include an ID which matches the server name
[Wed Mar 13 11:26:28.235889 2024] [core:warn] [pid 16192:tid 324] AH00098: pid file C:/xampp/apache/logs/httpd.pid overwritten -- Unclean shutdown of previous Apache run?
[Wed Mar 13 11:26:28.246287 2024] [ssl:warn] [pid 16192:tid 324] AH01909: www.example.com:443:0 server certificate does NOT include an ID which matches the server name
[Wed Mar 13 11:26:28.838258 2024] [mpm_winnt:notice] [pid 16192:tid 324] AH00455: Apache/2.4.58 (Win64) OpenSSL/3.1.3 PHP/8.2.12 configured -- resuming normal operations
[Wed Mar 13 11:26:28.838258 2024] [mpm_winnt:notice] [pid 16192:tid 324] AH00456: Apache Lounge VS17 Server built: Oct 18 2023 13:03:18
[Wed Mar 13 11:26:28.838258 2024] [core:notice] [pid 16192:tid 324] AH00094: Command line: 'c:\\xampp\\apache\\bin\\httpd.exe -d C:/xampp/apache'
[Wed Mar 13 11:26:28.843576 2024] [mpm_winnt:notice] [pid 16192:tid 324] AH00418: Parent: Created child process 2808
[Wed Mar 13 11:26:29.840872 2024] [ssl:warn] [pid 2808:tid 324] AH01909: www.example.com:443:0 server certificate does NOT include an ID which matches the server name
[Wed Mar 13 11:26:29.936901 2024] [ssl:warn] [pid 2808:tid 324] AH01909: www.example.com:443:0 server certificate does NOT include an ID which matches the server name
[Wed Mar 13 11:26:30.017329 2024] [mpm_winnt:notice] [pid 2808:tid 324] AH00354: Child: Starting 150 worker threads.
[Wed Mar 13 12:13:21.864757 2024] [ssl:warn] [pid 12276:tid 324] AH01909: www.example.com:443:0 server certificate does NOT include an ID which matches the server name
[Wed Mar 13 12:13:21.957620 2024] [core:warn] [pid 12276:tid 324] AH00098: pid file C:/xampp/apache/logs/httpd.pid overwritten -- Unclean shutdown of previous Apache run?
[Wed Mar 13 12:13:21.962144 2024] [ssl:warn] [pid 12276:tid 324] AH01909: www.example.com:443:0 server certificate does NOT include an ID which matches the server name
[Wed Mar 13 12:13:22.189399 2024] [mpm_winnt:notice] [pid 12276:tid 324] AH00455: Apache/2.4.58 (Win64) OpenSSL/3.1.3 PHP/8.2.12 configured -- resuming normal operations
[Wed Mar 13 12:13:22.189399 2024] [mpm_winnt:notice] [pid 12276:tid 324] AH00456: Apache Lounge VS17 Server built: Oct 18 2023 13:03:18
[Wed Mar 13 12:13:22.189399 2024] [core:notice] [pid 12276:tid 324] AH00094: Command line: 'c:\\xampp\\apache\\bin\\httpd.exe -d C:/xampp/apache'
[Wed Mar 13 12:13:22.200265 2024] [mpm_winnt:notice] [pid 12276:tid 324] AH00418: Parent: Created child process 10936
[Wed Mar 13 12:13:23.042797 2024] [ssl:warn] [pid 10936:tid 336] AH01909: www.example.com:443:0 server certificate does NOT include an ID which matches the server name
[Wed Mar 13 12:13:23.189051 2024] [ssl:warn] [pid 10936:tid 336] AH01909: www.example.com:443:0 server certificate does NOT include an ID which matches the server name
[Wed Mar 13 12:13:23.325945 2024] [mpm_winnt:notice] [pid 10936:tid 336] AH00354: Child: Starting 150 worker threads.
[Wed Mar 13 12:14:35.630015 2024] [php:warn] [pid 10936:tid 1896] [client ::1:63458] PHP Warning:  include(../includes/footer.php): Failed to open stream: No such file or directory in C:\\xampp\\htdocs\\HostelManagement-PHP\\student\\log-activity.php on line 138, referer: http://localhost/HostelManagement-PHP/student/room-details.php
[Wed Mar 13 12:14:35.630015 2024] [php:warn] [pid 10936:tid 1896] [client ::1:63458] PHP Warning:  include(): Failed opening '../includes/footer.php' for inclusion (include_path='C:\\xampp\\php\\PEAR') in C:\\xampp\\htdocs\\HostelManagement-PHP\\student\\log-activity.php on line 138, referer: http://localhost/HostelManagement-PHP/student/room-details.php
[Wed Mar 13 12:14:46.907034 2024] [php:warn] [pid 10936:tid 1892] [client ::1:63467] PHP Warning:  include(../includes/footer.php): Failed to open stream: No such file or directory in C:\\xampp\\htdocs\\HostelManagement-PHP\\student\\log-activity.php on line 138, referer: http://localhost/HostelManagement-PHP/student/room-details.php
[Wed Mar 13 12:14:46.909290 2024] [php:warn] [pid 10936:tid 1892] [client ::1:63467] PHP Warning:  include(): Failed opening '../includes/footer.php' for inclusion (include_path='C:\\xampp\\php\\PEAR') in C:\\xampp\\htdocs\\HostelManagement-PHP\\student\\log-activity.php on line 138, referer: http://localhost/HostelManagement-PHP/student/room-details.php
[Thu Mar 14 12:12:17.703634 2024] [ssl:warn] [pid 25308:tid 340] AH01909: www.example.com:443:0 server certificate does NOT include an ID which matches the server name
[Thu Mar 14 12:12:17.753464 2024] [core:warn] [pid 25308:tid 340] AH00098: pid file C:/xampp/apache/logs/httpd.pid overwritten -- Unclean shutdown of previous Apache run?
[Thu Mar 14 12:12:17.770511 2024] [ssl:warn] [pid 25308:tid 340] AH01909: www.example.com:443:0 server certificate does NOT include an ID which matches the server name
[Thu Mar 14 12:12:18.137381 2024] [mpm_winnt:notice] [pid 25308:tid 340] AH00455: Apache/2.4.58 (Win64) OpenSSL/3.1.3 PHP/8.2.12 configured -- resuming normal operations
[Thu Mar 14 12:12:18.137381 2024] [mpm_winnt:notice] [pid 25308:tid 340] AH00456: Apache Lounge VS17 Server built: Oct 18 2023 13:03:18
[Thu Mar 14 12:12:18.137381 2024] [core:notice] [pid 25308:tid 340] AH00094: Command line: 'c:\\xampp\\apache\\bin\\httpd.exe -d C:/xampp/apache'
[Thu Mar 14 12:12:18.137381 2024] [mpm_winnt:notice] [pid 25308:tid 340] AH00418: Parent: Created child process 22124
[Thu Mar 14 12:12:18.707228 2024] [ssl:warn] [pid 22124:tid 352] AH01909: www.example.com:443:0 server certificate does NOT include an ID which matches the server name
[Thu Mar 14 12:12:18.753468 2024] [ssl:warn] [pid 22124:tid 352] AH01909: www.example.com:443:0 server certificate does NOT include an ID which matches the server name
[Thu Mar 14 12:12:18.819668 2024] [mpm_winnt:notice] [pid 22124:tid 352] AH00354: Child: Starting 150 worker threads.
[Thu Mar 14 12:13:47.868939 2024] [ssl:warn] [pid 20612:tid 352] AH01909: www.example.com:443:0 server certificate does NOT include an ID which matches the server name
[Thu Mar 14 12:13:47.918870 2024] [core:warn] [pid 20612:tid 352] AH00098: pid file C:/xampp/apache/logs/httpd.pid overwritten -- Unclean shutdown of previous Apache run?
[Thu Mar 14 12:13:47.936665 2024] [ssl:warn] [pid 20612:tid 352] AH01909: www.example.com:443:0 server certificate does NOT include an ID which matches the server name
[Thu Mar 14 12:13:47.986874 2024] [mpm_winnt:notice] [pid 20612:tid 352] AH00455: Apache/2.4.58 (Win64) OpenSSL/3.1.3 PHP/8.2.12 configured -- resuming normal operations
[Thu Mar 14 12:13:47.986874 2024] [mpm_winnt:notice] [pid 20612:tid 352] AH00456: Apache Lounge VS17 Server built: Oct 18 2023 13:03:18
[Thu Mar 14 12:13:47.986874 2024] [core:notice] [pid 20612:tid 352] AH00094: Command line: 'c:\\xampp\\apache\\bin\\httpd.exe -d C:/xampp/apache'
[Thu Mar 14 12:13:47.986874 2024] [mpm_winnt:notice] [pid 20612:tid 352] AH00418: Parent: Created child process 13280
[Thu Mar 14 12:13:48.535572 2024] [ssl:warn] [pid 13280:tid 324] AH01909: www.example.com:443:0 server certificate does NOT include an ID which matches the server name
[Thu Mar 14 12:13:48.585542 2024] [ssl:warn] [pid 13280:tid 324] AH01909: www.example.com:443:0 server certificate does NOT include an ID which matches the server name
[Thu Mar 14 12:13:48.652129 2024] [mpm_winnt:notice] [pid 13280:tid 324] AH00354: Child: Starting 150 worker threads.
[Thu Mar 14 12:14:23.293176 2024] [php:warn] [pid 13280:tid 1864] [client ::1:59907] PHP Warning:  include(../includes/footer.php): Failed to open stream: No such file or directory in C:\\xampp\\htdocs\\HostelManagement-PHP\\student\\log-activity.php on line 138, referer: http://localhost/HostelManagement-PHP/student/room-details.php
[Thu Mar 14 12:14:23.293686 2024] [php:warn] [pid 13280:tid 1864] [client ::1:59907] PHP Warning:  include(): Failed opening '../includes/footer.php' for inclusion (include_path='C:\\xampp\\php\\PEAR') in C:\\xampp\\htdocs\\HostelManagement-PHP\\student\\log-activity.php on line 138, referer: http://localhost/HostelManagement-PHP/student/room-details.php
[Thu Mar 14 12:14:34.411380 2024] [php:warn] [pid 13280:tid 1852] [client ::1:59914] PHP Warning:  include(../includes/footer.php): Failed to open stream: No such file or directory in C:\\xampp\\htdocs\\HostelManagement-PHP\\student\\log-activity.php on line 138, referer: http://localhost/HostelManagement-PHP/student/room-details.php
[Thu Mar 14 12:14:34.411380 2024] [php:warn] [pid 13280:tid 1852] [client ::1:59914] PHP Warning:  include(): Failed opening '../includes/footer.php' for inclusion (include_path='C:\\xampp\\php\\PEAR') in C:\\xampp\\htdocs\\HostelManagement-PHP\\student\\log-activity.php on line 138, referer: http://localhost/HostelManagement-PHP/student/room-details.php
[Thu Mar 21 00:08:18.249890 2024] [ssl:warn] [pid 18264:tid 324] AH01909: www.example.com:443:0 server certificate does NOT include an ID which matches the server name
[Thu Mar 21 00:08:18.338665 2024] [core:warn] [pid 18264:tid 324] AH00098: pid file C:/xampp/apache/logs/httpd.pid overwritten -- Unclean shutdown of previous Apache run?
[Thu Mar 21 00:08:18.345777 2024] [ssl:warn] [pid 18264:tid 324] AH01909: www.example.com:443:0 server certificate does NOT include an ID which matches the server name
[Thu Mar 21 00:08:19.047849 2024] [mpm_winnt:notice] [pid 18264:tid 324] AH00455: Apache/2.4.58 (Win64) OpenSSL/3.1.3 PHP/8.2.12 configured -- resuming normal operations
[Thu Mar 21 00:08:19.047849 2024] [mpm_winnt:notice] [pid 18264:tid 324] AH00456: Apache Lounge VS17 Server built: Oct 18 2023 13:03:18
[Thu Mar 21 00:08:19.047849 2024] [core:notice] [pid 18264:tid 324] AH00094: Command line: 'c:\\xampp\\apache\\bin\\httpd.exe -d C:/xampp/apache'
[Thu Mar 21 00:08:19.067141 2024] [mpm_winnt:notice] [pid 18264:tid 324] AH00418: Parent: Created child process 1648
[Thu Mar 21 00:08:20.075270 2024] [ssl:warn] [pid 1648:tid 324] AH01909: www.example.com:443:0 server certificate does NOT include an ID which matches the server name
[Thu Mar 21 00:08:20.181646 2024] [ssl:warn] [pid 1648:tid 324] AH01909: www.example.com:443:0 server certificate does NOT include an ID which matches the server name
[Thu Mar 21 00:08:20.273764 2024] [mpm_winnt:notice] [pid 1648:tid 324] AH00354: Child: Starting 150 worker threads.
[Thu Mar 21 00:16:01.179265 2024] [ssl:warn] [pid 20868:tid 368] AH01909: www.example.com:443:0 server certificate does NOT include an ID which matches the server name
[Thu Mar 21 00:16:01.241765 2024] [core:warn] [pid 20868:tid 368] AH00098: pid file C:/xampp/apache/logs/httpd.pid overwritten -- Unclean shutdown of previous Apache run?
[Thu Mar 21 00:16:01.257372 2024] [ssl:warn] [pid 20868:tid 368] AH01909: www.example.com:443:0 server certificate does NOT include an ID which matches the server name
[Thu Mar 21 00:16:01.319857 2024] [mpm_winnt:notice] [pid 20868:tid 368] AH00455: Apache/2.4.58 (Win64) OpenSSL/3.1.3 PHP/8.2.12 configured -- resuming normal operations
[Thu Mar 21 00:16:01.319857 2024] [mpm_winnt:notice] [pid 20868:tid 368] AH00456: Apache Lounge VS17 Server built: Oct 18 2023 13:03:18
[Thu Mar 21 00:16:01.319857 2024] [core:notice] [pid 20868:tid 368] AH00094: Command line: 'c:\\xampp\\apache\\bin\\httpd.exe -d C:/xampp/apache'
[Thu Mar 21 00:16:01.319857 2024] [mpm_winnt:notice] [pid 20868:tid 368] AH00418: Parent: Created child process 19652
[Thu Mar 21 00:16:01.929243 2024] [ssl:warn] [pid 19652:tid 360] AH01909: www.example.com:443:0 server certificate does NOT include an ID which matches the server name
[Thu Mar 21 00:16:01.991590 2024] [ssl:warn] [pid 19652:tid 360] AH01909: www.example.com:443:0 server certificate does NOT include an ID which matches the server name
[Thu Mar 21 00:16:02.054060 2024] [mpm_winnt:notice] [pid 19652:tid 360] AH00354: Child: Starting 150 worker threads.
[Thu Mar 21 00:17:56.488168 2024] [php:warn] [pid 19652:tid 1888] [client ::1:50419] PHP Warning:  include(../includes/footer.php): Failed to open stream: No such file or directory in C:\\xampp\\htdocs\\HostelManagement-PHP\\student\\profile.php on line 258, referer: http://localhost/HostelManagement-PHP/student/room-details.php
[Thu Mar 21 00:17:56.488168 2024] [php:warn] [pid 19652:tid 1888] [client ::1:50419] PHP Warning:  include(): Failed opening '../includes/footer.php' for inclusion (include_path='C:\\xampp\\php\\PEAR') in C:\\xampp\\htdocs\\HostelManagement-PHP\\student\\profile.php on line 258, referer: http://localhost/HostelManagement-PHP/student/room-details.php
[Thu Mar 21 00:18:43.265744 2024] [php:warn] [pid 19652:tid 1888] [client ::1:50449] PHP Warning:  include(../includes/footer.php): Failed to open stream: No such file or directory in C:\\xampp\\htdocs\\HostelManagement-PHP\\student\\profile.php on line 258, referer: http://localhost/HostelManagement-PHP/student/dashboard.php
[Thu Mar 21 00:18:43.266738 2024] [php:warn] [pid 19652:tid 1888] [client ::1:50449] PHP Warning:  include(): Failed opening '../includes/footer.php' for inclusion (include_path='C:\\xampp\\php\\PEAR') in C:\\xampp\\htdocs\\HostelManagement-PHP\\student\\profile.php on line 258, referer: http://localhost/HostelManagement-PHP/student/dashboard.php
[Thu Mar 21 00:18:49.923140 2024] [php:warn] [pid 19652:tid 1884] [client ::1:50529] PHP Warning:  include(../includes/footer.php): Failed to open stream: No such file or directory in C:\\xampp\\htdocs\\HostelManagement-PHP\\student\\profile.php on line 258, referer: http://localhost/HostelManagement-PHP/student/profile.php
[Thu Mar 21 00:18:49.924136 2024] [php:warn] [pid 19652:tid 1884] [client ::1:50529] PHP Warning:  include(): Failed opening '../includes/footer.php' for inclusion (include_path='C:\\xampp\\php\\PEAR') in C:\\xampp\\htdocs\\HostelManagement-PHP\\student\\profile.php on line 258, referer: http://localhost/HostelManagement-PHP/student/profile.php
[Thu Mar 21 11:16:27.572929 2024] [ssl:warn] [pid 21468:tid 200] AH01909: www.example.com:443:0 server certificate does NOT include an ID which matches the server name
[Thu Mar 21 11:16:27.666657 2024] [core:warn] [pid 21468:tid 200] AH00098: pid file C:/xampp/apache/logs/httpd.pid overwritten -- Unclean shutdown of previous Apache run?
[Thu Mar 21 11:16:27.666657 2024] [ssl:warn] [pid 21468:tid 200] AH01909: www.example.com:443:0 server certificate does NOT include an ID which matches the server name
[Thu Mar 21 11:16:27.776006 2024] [mpm_winnt:notice] [pid 21468:tid 200] AH00455: Apache/2.4.58 (Win64) OpenSSL/3.1.3 PHP/8.2.12 configured -- resuming normal operations
[Thu Mar 21 11:16:27.776006 2024] [mpm_winnt:notice] [pid 21468:tid 200] AH00456: Apache Lounge VS17 Server built: Oct 18 2023 13:03:18
[Thu Mar 21 11:16:27.776006 2024] [core:notice] [pid 21468:tid 200] AH00094: Command line: 'c:\\xampp\\apache\\bin\\httpd.exe -d C:/xampp/apache'
[Thu Mar 21 11:16:27.791627 2024] [mpm_winnt:notice] [pid 21468:tid 200] AH00418: Parent: Created child process 11244
[Thu Mar 21 11:16:29.166305 2024] [ssl:warn] [pid 11244:tid 320] AH01909: www.example.com:443:0 server certificate does NOT include an ID which matches the server name
[Thu Mar 21 11:16:29.281426 2024] [ssl:warn] [pid 11244:tid 320] AH01909: www.example.com:443:0 server certificate does NOT include an ID which matches the server name
[Thu Mar 21 11:16:29.388224 2024] [mpm_winnt:notice] [pid 11244:tid 320] AH00354: Child: Starting 150 worker threads.
[Thu Mar 21 11:18:49.624693 2024] [php:warn] [pid 11244:tid 1896] [client ::1:54158] PHP Warning:  include(../includes/footer.php): Failed to open stream: No such file or directory in C:\\xampp\\htdocs\\HostelManagement-PHP\\student\\log-activity.php on line 138, referer: http://localhost/HostelManagement-PHP/student/dashboard.php
[Thu Mar 21 11:18:49.624693 2024] [php:warn] [pid 11244:tid 1896] [client ::1:54158] PHP Warning:  include(): Failed opening '../includes/footer.php' for inclusion (include_path='C:\\xampp\\php\\PEAR') in C:\\xampp\\htdocs\\HostelManagement-PHP\\student\\log-activity.php on line 138, referer: http://localhost/HostelManagement-PHP/student/dashboard.php
[Thu Mar 21 11:48:22.391635 2024] [ssl:warn] [pid 12016:tid 332] AH01909: www.example.com:443:0 server certificate does NOT include an ID which matches the server name
[Thu Mar 21 11:48:22.454133 2024] [core:warn] [pid 12016:tid 332] AH00098: pid file C:/xampp/apache/logs/httpd.pid overwritten -- Unclean shutdown of previous Apache run?
[Thu Mar 21 11:48:22.454133 2024] [ssl:warn] [pid 12016:tid 332] AH01909: www.example.com:443:0 server certificate does NOT include an ID which matches the server name
[Thu Mar 21 11:48:22.735303 2024] [mpm_winnt:notice] [pid 12016:tid 332] AH00455: Apache/2.4.58 (Win64) OpenSSL/3.1.3 PHP/8.2.12 configured -- resuming normal operations
[Thu Mar 21 11:48:22.735303 2024] [mpm_winnt:notice] [pid 12016:tid 332] AH00456: Apache Lounge VS17 Server built: Oct 18 2023 13:03:18
[Thu Mar 21 11:48:22.735303 2024] [core:notice] [pid 12016:tid 332] AH00094: Command line: 'c:\\xampp\\apache\\bin\\httpd.exe -d C:/xampp/apache'
[Thu Mar 21 11:48:22.735303 2024] [mpm_winnt:notice] [pid 12016:tid 332] AH00418: Parent: Created child process 16024
[Thu Mar 21 11:48:23.391457 2024] [ssl:warn] [pid 16024:tid 340] AH01909: www.example.com:443:0 server certificate does NOT include an ID which matches the server name
[Thu Mar 21 11:48:23.438264 2024] [ssl:warn] [pid 16024:tid 340] AH01909: www.example.com:443:0 server certificate does NOT include an ID which matches the server name
[Thu Mar 21 11:48:23.485128 2024] [mpm_winnt:notice] [pid 16024:tid 340] AH00354: Child: Starting 150 worker threads.
[Thu Mar 21 13:28:58.003284 2024] [php:warn] [pid 16024:tid 1848] [client ::1:61844] PHP Warning:  file_get_contents(): php_network_getaddresses: getaddrinfo for www.geoplugin.net failed: No such host is known.  in C:\\xampp\\htdocs\\HostelManagement-PHP\\index.php on line 25, referer: http://localhost/HostelManagement-PHP/index.php
[Thu Mar 21 13:28:58.003284 2024] [php:warn] [pid 16024:tid 1848] [client ::1:61844] PHP Warning:  file_get_contents(http://www.geoplugin.net/php.gp?ip=::1): Failed to open stream: php_network_getaddresses: getaddrinfo for www.geoplugin.net failed: No such host is known.  in C:\\xampp\\htdocs\\HostelManagement-PHP\\index.php on line 25, referer: http://localhost/HostelManagement-PHP/index.php
[Thu Mar 21 13:28:58.009954 2024] [php:warn] [pid 16024:tid 1848] [client ::1:61844] PHP Warning:  Trying to access array offset on value of type bool in C:\\xampp\\htdocs\\HostelManagement-PHP\\index.php on line 26, referer: http://localhost/HostelManagement-PHP/index.php
[Thu Mar 21 13:28:58.009954 2024] [php:warn] [pid 16024:tid 1848] [client ::1:61844] PHP Warning:  Trying to access array offset on value of type bool in C:\\xampp\\htdocs\\HostelManagement-PHP\\index.php on line 27, referer: http://localhost/HostelManagement-PHP/index.php
[Wed Jun 12 15:20:49.063044 2024] [ssl:warn] [pid 31208:tid 336] AH01909: www.example.com:443:0 server certificate does NOT include an ID which matches the server name
[Wed Jun 12 15:20:49.193185 2024] [core:warn] [pid 31208:tid 336] AH00098: pid file C:/xampp/apache/logs/httpd.pid overwritten -- Unclean shutdown of previous Apache run?
[Wed Jun 12 15:20:49.197024 2024] [ssl:warn] [pid 31208:tid 336] AH01909: www.example.com:443:0 server certificate does NOT include an ID which matches the server name
[Wed Jun 12 15:20:49.849084 2024] [mpm_winnt:notice] [pid 31208:tid 336] AH00455: Apache/2.4.58 (Win64) OpenSSL/3.1.3 PHP/8.2.12 configured -- resuming normal operations
[Wed Jun 12 15:20:49.849084 2024] [mpm_winnt:notice] [pid 31208:tid 336] AH00456: Apache Lounge VS17 Server built: Oct 18 2023 13:03:18
[Wed Jun 12 15:20:49.849084 2024] [core:notice] [pid 31208:tid 336] AH00094: Command line: 'c:\\xampp\\apache\\bin\\httpd.exe -d C:/xampp/apache'
[Wed Jun 12 15:20:49.871633 2024] [mpm_winnt:notice] [pid 31208:tid 336] AH00418: Parent: Created child process 19136
[Wed Jun 12 15:20:50.776294 2024] [ssl:warn] [pid 19136:tid 348] AH01909: www.example.com:443:0 server certificate does NOT include an ID which matches the server name
[Wed Jun 12 15:20:50.835768 2024] [ssl:warn] [pid 19136:tid 348] AH01909: www.example.com:443:0 server certificate does NOT include an ID which matches the server name
[Wed Jun 12 15:20:50.914287 2024] [mpm_winnt:notice] [pid 19136:tid 348] AH00354: Child: Starting 150 worker threads.
[Wed Jun 12 15:52:28.421554 2024] [php:error] [pid 19136:tid 1864] [client ::1:52817] PHP Fatal error:  Uncaught mysqli_sql_exception: Unknown database 'project' in C:\\xampp\\htdocs\\online-examination-systen-in-php-master\\dbConnection.php:3\nStack trace:\n#0 C:\\xampp\\htdocs\\online-examination-systen-in-php-master\\dbConnection.php(3): mysqli->__construct('localhost', 'root', Object(SensitiveParameterValue), 'project')\n#1 C:\\xampp\\htdocs\\online-examination-systen-in-php-master\\admin.php(2): include_once('C:\\\\xampp\\\\htdocs...')\n#2 {main}\n  thrown in C:\\xampp\\htdocs\\online-examination-systen-in-php-master\\dbConnection.php on line 3, referer: http://localhost/online-examination-systen-in-php-master/
[Wed Jun 12 16:13:39.525651 2024] [php:error] [pid 19136:tid 1864] [client ::1:53049] PHP Fatal error:  Uncaught mysqli_sql_exception: Unknown database 'project' in C:\\xampp\\htdocs\\online-examination-systen-in-php-master\\dbConnection.php:3\nStack trace:\n#0 C:\\xampp\\htdocs\\online-examination-systen-in-php-master\\dbConnection.php(3): mysqli->__construct('localhost', 'root', Object(SensitiveParameterValue), 'project')\n#1 C:\\xampp\\htdocs\\online-examination-systen-in-php-master\\sign.php(2): include_once('C:\\\\xampp\\\\htdocs...')\n#2 {main}\n  thrown in C:\\xampp\\htdocs\\online-examination-systen-in-php-master\\dbConnection.php on line 3, referer: http://localhost/online-examination-systen-in-php-master/
[Wed Jun 12 16:14:27.764250 2024] [php:error] [pid 19136:tid 1860] [client ::1:53048] PHP Fatal error:  Uncaught mysqli_sql_exception: Unknown database 'project' in C:\\xampp\\htdocs\\online-examination-systen-in-php-master\\dbConnection.php:3\nStack trace:\n#0 C:\\xampp\\htdocs\\online-examination-systen-in-php-master\\dbConnection.php(3): mysqli->__construct('localhost', 'root', Object(SensitiveParameterValue), 'project')\n#1 C:\\xampp\\htdocs\\online-examination-systen-in-php-master\\admin.php(2): include_once('C:\\\\xampp\\\\htdocs...')\n#2 {main}\n  thrown in C:\\xampp\\htdocs\\online-examination-systen-in-php-master\\dbConnection.php on line 3, referer: http://localhost/online-examination-systen-in-php-master/
[Wed Jun 12 16:14:38.925801 2024] [php:error] [pid 19136:tid 1864] [client ::1:53057] PHP Fatal error:  Uncaught mysqli_sql_exception: Unknown database 'project' in C:\\xampp\\htdocs\\online-examination-systen-in-php-master\\dbConnection.php:3\nStack trace:\n#0 C:\\xampp\\htdocs\\online-examination-systen-in-php-master\\dbConnection.php(3): mysqli->__construct('localhost', 'root', Object(SensitiveParameterValue), 'project')\n#1 C:\\xampp\\htdocs\\online-examination-systen-in-php-master\\admin.php(2): include_once('C:\\\\xampp\\\\htdocs...')\n#2 {main}\n  thrown in C:\\xampp\\htdocs\\online-examination-systen-in-php-master\\dbConnection.php on line 3, referer: http://localhost/online-examination-systen-in-php-master/
[Fri Jul 12 18:31:49.307024 2024] [ssl:warn] [pid 15328:tid 336] AH01909: www.example.com:443:0 server certificate does NOT include an ID which matches the server name
[Fri Jul 12 18:31:49.369507 2024] [core:warn] [pid 15328:tid 336] AH00098: pid file C:/xampp/apache/logs/httpd.pid overwritten -- Unclean shutdown of previous Apache run?
[Fri Jul 12 18:31:49.369507 2024] [ssl:warn] [pid 15328:tid 336] AH01909: www.example.com:443:0 server certificate does NOT include an ID which matches the server name
[Fri Jul 12 18:31:49.713178 2024] [mpm_winnt:notice] [pid 15328:tid 336] AH00455: Apache/2.4.58 (Win64) OpenSSL/3.1.3 PHP/8.2.12 configured -- resuming normal operations
[Fri Jul 12 18:31:49.713178 2024] [mpm_winnt:notice] [pid 15328:tid 336] AH00456: Apache Lounge VS17 Server built: Oct 18 2023 13:03:18
[Fri Jul 12 18:31:49.713178 2024] [core:notice] [pid 15328:tid 336] AH00094: Command line: 'c:\\xampp\\apache\\bin\\httpd.exe -d C:/xampp/apache'
[Fri Jul 12 18:31:49.713178 2024] [mpm_winnt:notice] [pid 15328:tid 336] AH00418: Parent: Created child process 1740
[Fri Jul 12 18:31:50.681701 2024] [ssl:warn] [pid 1740:tid 364] AH01909: www.example.com:443:0 server certificate does NOT include an ID which matches the server name
[Fri Jul 12 18:31:50.759806 2024] [ssl:warn] [pid 1740:tid 364] AH01909: www.example.com:443:0 server certificate does NOT include an ID which matches the server name
[Fri Jul 12 18:31:50.837913 2024] [mpm_winnt:notice] [pid 1740:tid 364] AH00354: Child: Starting 150 worker threads.
