2024-03-06 12:42:49 0 [Note] Starting MariaDB 10.4.32-MariaDB source revision c4143f909528e3fab0677a28631d10389354c491 as process 20084
2024-03-06 12:42:49 0 [Note] InnoDB: Mutexes and rw_locks use Windows interlocked functions
2024-03-06 12:42:49 0 [Note] InnoDB: Uses event mutexes
2024-03-06 12:42:49 0 [Note] InnoDB: Compressed tables use zlib 1.3
2024-03-06 12:42:49 0 [Note] InnoDB: Number of pools: 1
2024-03-06 12:42:49 0 [Note] InnoDB: Using SSE2 crc32 instructions
2024-03-06 12:42:49 0 [Note] InnoDB: Initializing buffer pool, total size = 16M, instances = 1, chunk size = 16M
2024-03-06 12:42:49 0 [Note] InnoDB: Completed initialization of buffer pool
2024-03-06 12:42:49 0 [Note] InnoDB: Starting crash recovery from checkpoint LSN=300288
2024-03-06 12:42:49 0 [Note] InnoDB: 128 out of 128 rollback segments are active.
2024-03-06 12:42:49 0 [Note] InnoDB: Removed temporary tablespace data file: "ibtmp1"
2024-03-06 12:42:49 0 [Note] InnoDB: Creating shared tablespace for temporary tables
2024-03-06 12:42:49 0 [Note] InnoDB: Setting file 'C:\xampp\mysql\data\ibtmp1' size to 12 MB. Physically writing the file full; Please wait ...
2024-03-06 12:42:49 0 [Note] InnoDB: File 'C:\xampp\mysql\data\ibtmp1' size is now 12 MB.
2024-03-06 12:42:49 0 [Note] InnoDB: 10.4.32 started; log sequence number 300297; transaction id 170
2024-03-06 12:42:49 0 [Note] InnoDB: Loading buffer pool(s) from C:\xampp\mysql\data\ib_buffer_pool
2024-03-06 12:42:49 0 [Note] Plugin 'FEEDBACK' is disabled.
2024-03-06 12:42:49 0 [Note] InnoDB: Buffer pool(s) load completed at 240306 12:42:49
2024-03-06 12:42:49 0 [Note] Server socket created on IP: '::'.
2024-03-06 12:44:40 0 [Note] Starting MariaDB 10.4.32-MariaDB source revision c4143f909528e3fab0677a28631d10389354c491 as process 12376
2024-03-06 12:44:40 0 [Note] InnoDB: Mutexes and rw_locks use Windows interlocked functions
2024-03-06 12:44:40 0 [Note] InnoDB: Uses event mutexes
2024-03-06 12:44:40 0 [Note] InnoDB: Compressed tables use zlib 1.3
2024-03-06 12:44:40 0 [Note] InnoDB: Number of pools: 1
2024-03-06 12:44:40 0 [Note] InnoDB: Using SSE2 crc32 instructions
2024-03-06 12:44:40 0 [Note] InnoDB: Initializing buffer pool, total size = 16M, instances = 1, chunk size = 16M
2024-03-06 12:44:40 0 [Note] InnoDB: Completed initialization of buffer pool
2024-03-06 12:44:40 0 [Note] InnoDB: Starting crash recovery from checkpoint LSN=300306
2024-03-06 12:44:41 0 [Note] InnoDB: 128 out of 128 rollback segments are active.
2024-03-06 12:44:41 0 [Note] InnoDB: Removed temporary tablespace data file: "ibtmp1"
2024-03-06 12:44:41 0 [Note] InnoDB: Creating shared tablespace for temporary tables
2024-03-06 12:44:41 0 [Note] InnoDB: Setting file 'C:\xampp\mysql\data\ibtmp1' size to 12 MB. Physically writing the file full; Please wait ...
2024-03-06 12:44:41 0 [Note] InnoDB: File 'C:\xampp\mysql\data\ibtmp1' size is now 12 MB.
2024-03-06 12:44:41 0 [Note] InnoDB: 10.4.32 started; log sequence number 300315; transaction id 170
2024-03-06 12:44:41 0 [Note] InnoDB: Loading buffer pool(s) from C:\xampp\mysql\data\ib_buffer_pool
2024-03-06 12:44:41 0 [Note] Plugin 'FEEDBACK' is disabled.
2024-03-06 12:44:41 0 [Note] InnoDB: Buffer pool(s) load completed at 240306 12:44:41
2024-03-06 12:44:41 0 [Note] Server socket created on IP: '::'.
2024-03-06 14:33:33 0 [Note] Starting MariaDB 10.4.32-MariaDB source revision c4143f909528e3fab0677a28631d10389354c491 as process 13000
2024-03-06 14:33:33 0 [Note] InnoDB: Mutexes and rw_locks use Windows interlocked functions
2024-03-06 14:33:33 0 [Note] InnoDB: Uses event mutexes
2024-03-06 14:33:33 0 [Note] InnoDB: Compressed tables use zlib 1.3
2024-03-06 14:33:33 0 [Note] InnoDB: Number of pools: 1
2024-03-06 14:33:33 0 [Note] InnoDB: Using SSE2 crc32 instructions
2024-03-06 14:33:33 0 [Note] InnoDB: Initializing buffer pool, total size = 16M, instances = 1, chunk size = 16M
2024-03-06 14:33:33 0 [Note] InnoDB: Completed initialization of buffer pool
2024-03-06 14:33:33 0 [Note] InnoDB: Starting crash recovery from checkpoint LSN=300306
2024-03-06 14:33:34 0 [Note] InnoDB: 128 out of 128 rollback segments are active.
2024-03-06 14:33:34 0 [Note] InnoDB: Removed temporary tablespace data file: "ibtmp1"
2024-03-06 14:33:34 0 [Note] InnoDB: Creating shared tablespace for temporary tables
2024-03-06 14:33:34 0 [Note] InnoDB: Setting file 'C:\xampp\mysql\data\ibtmp1' size to 12 MB. Physically writing the file full; Please wait ...
2024-03-06 14:33:34 0 [Note] InnoDB: File 'C:\xampp\mysql\data\ibtmp1' size is now 12 MB.
2024-03-06 14:33:34 0 [Note] InnoDB: 10.4.32 started; log sequence number 300315; transaction id 170
2024-03-06 14:33:34 0 [Note] InnoDB: Loading buffer pool(s) from C:\xampp\mysql\data\ib_buffer_pool
2024-03-06 14:33:34 0 [Note] Plugin 'FEEDBACK' is disabled.
2024-03-06 14:33:34 0 [Note] InnoDB: Buffer pool(s) load completed at 240306 14:33:34
2024-03-06 14:33:34 0 [Note] Server socket created on IP: '::'.
2024-03-06 15:03:12 0 [Note] Starting MariaDB 10.4.32-MariaDB source revision c4143f909528e3fab0677a28631d10389354c491 as process 11920
2024-03-06 15:03:12 0 [Note] InnoDB: Mutexes and rw_locks use Windows interlocked functions
2024-03-06 15:03:12 0 [Note] InnoDB: Uses event mutexes
2024-03-06 15:03:12 0 [Note] InnoDB: Compressed tables use zlib 1.3
2024-03-06 15:03:12 0 [Note] InnoDB: Number of pools: 1
2024-03-06 15:03:12 0 [Note] InnoDB: Using SSE2 crc32 instructions
2024-03-06 15:03:12 0 [Note] InnoDB: Initializing buffer pool, total size = 16M, instances = 1, chunk size = 16M
2024-03-06 15:03:12 0 [Note] InnoDB: Completed initialization of buffer pool
2024-03-06 15:03:12 0 [Note] InnoDB: Starting crash recovery from checkpoint LSN=300324
2024-03-06 15:03:12 0 [Note] InnoDB: 128 out of 128 rollback segments are active.
2024-03-06 15:03:12 0 [Note] InnoDB: Removed temporary tablespace data file: "ibtmp1"
2024-03-06 15:03:12 0 [Note] InnoDB: Creating shared tablespace for temporary tables
2024-03-06 15:03:12 0 [Note] InnoDB: Setting file 'C:\xampp\mysql\data\ibtmp1' size to 12 MB. Physically writing the file full; Please wait ...
2024-03-06 15:03:12 0 [Note] InnoDB: File 'C:\xampp\mysql\data\ibtmp1' size is now 12 MB.
2024-03-06 15:03:13 0 [Note] InnoDB: 10.4.32 started; log sequence number 300333; transaction id 170
2024-03-06 15:03:13 0 [Note] InnoDB: Loading buffer pool(s) from C:\xampp\mysql\data\ib_buffer_pool
2024-03-06 15:03:13 0 [Note] Plugin 'FEEDBACK' is disabled.
2024-03-06 15:03:13 0 [Note] InnoDB: Buffer pool(s) load completed at 240306 15:03:13
2024-03-06 15:03:13 0 [Note] Server socket created on IP: '::'.
2024-03-06 15:03:25 0 [Note] Starting MariaDB 10.4.32-MariaDB source revision c4143f909528e3fab0677a28631d10389354c491 as process 18588
2024-03-06 15:03:25 0 [Note] InnoDB: Mutexes and rw_locks use Windows interlocked functions
2024-03-06 15:03:25 0 [Note] InnoDB: Uses event mutexes
2024-03-06 15:03:25 0 [Note] InnoDB: Compressed tables use zlib 1.3
2024-03-06 15:03:25 0 [Note] InnoDB: Number of pools: 1
2024-03-06 15:03:25 0 [Note] InnoDB: Using SSE2 crc32 instructions
2024-03-06 15:03:25 0 [Note] InnoDB: Initializing buffer pool, total size = 16M, instances = 1, chunk size = 16M
2024-03-06 15:03:25 0 [Note] InnoDB: Completed initialization of buffer pool
2024-03-06 15:03:25 0 [Note] InnoDB: Starting crash recovery from checkpoint LSN=300324
2024-03-06 15:03:25 0 [Note] InnoDB: 128 out of 128 rollback segments are active.
2024-03-06 15:03:25 0 [Note] InnoDB: Removed temporary tablespace data file: "ibtmp1"
2024-03-06 15:03:25 0 [Note] InnoDB: Creating shared tablespace for temporary tables
2024-03-06 15:03:25 0 [Note] InnoDB: Setting file 'C:\xampp\mysql\data\ibtmp1' size to 12 MB. Physically writing the file full; Please wait ...
2024-03-06 15:03:25 0 [Note] InnoDB: File 'C:\xampp\mysql\data\ibtmp1' size is now 12 MB.
2024-03-06 15:03:25 0 [Note] InnoDB: Waiting for purge to start
2024-03-06 15:03:25 0 [Note] InnoDB: 10.4.32 started; log sequence number 300333; transaction id 170
2024-03-06 15:03:25 0 [Note] InnoDB: Loading buffer pool(s) from C:\xampp\mysql\data\ib_buffer_pool
2024-03-06 15:03:25 0 [Note] Plugin 'FEEDBACK' is disabled.
2024-03-06 15:03:25 0 [Note] InnoDB: Buffer pool(s) load completed at 240306 15:03:25
2024-03-06 15:03:25 0 [Note] Server socket created on IP: '::'.
2024-03-06 15:04:16 0 [Note] Starting MariaDB 10.4.32-MariaDB source revision c4143f909528e3fab0677a28631d10389354c491 as process 22144
2024-03-06 15:04:16 0 [Note] InnoDB: Mutexes and rw_locks use Windows interlocked functions
2024-03-06 15:04:16 0 [Note] InnoDB: Uses event mutexes
2024-03-06 15:04:16 0 [Note] InnoDB: Compressed tables use zlib 1.3
2024-03-06 15:04:16 0 [Note] InnoDB: Number of pools: 1
2024-03-06 15:04:16 0 [Note] InnoDB: Using SSE2 crc32 instructions
2024-03-06 15:04:16 0 [Note] InnoDB: Initializing buffer pool, total size = 16M, instances = 1, chunk size = 16M
2024-03-06 15:04:16 0 [Note] InnoDB: Completed initialization of buffer pool
2024-03-06 15:04:16 0 [Note] InnoDB: Starting crash recovery from checkpoint LSN=300324
2024-03-06 15:04:17 0 [Note] InnoDB: 128 out of 128 rollback segments are active.
2024-03-06 15:04:17 0 [Note] InnoDB: Removed temporary tablespace data file: "ibtmp1"
2024-03-06 15:04:17 0 [Note] InnoDB: Creating shared tablespace for temporary tables
2024-03-06 15:04:17 0 [Note] InnoDB: Setting file 'C:\xampp\mysql\data\ibtmp1' size to 12 MB. Physically writing the file full; Please wait ...
2024-03-06 15:04:17 0 [Note] InnoDB: File 'C:\xampp\mysql\data\ibtmp1' size is now 12 MB.
2024-03-06 15:04:17 0 [Note] InnoDB: 10.4.32 started; log sequence number 300333; transaction id 170
2024-03-06 15:04:17 0 [Note] InnoDB: Loading buffer pool(s) from C:\xampp\mysql\data\ib_buffer_pool
2024-03-06 15:04:17 0 [Note] Plugin 'FEEDBACK' is disabled.
2024-03-06 15:04:17 0 [Note] InnoDB: Buffer pool(s) load completed at 240306 15:04:17
2024-03-06 15:04:17 0 [Note] Server socket created on IP: '::'.
2024-03-12 20:12:51 0 [Note] Starting MariaDB 10.4.32-MariaDB source revision c4143f909528e3fab0677a28631d10389354c491 as process 7016
2024-03-12 20:12:51 0 [Note] InnoDB: Mutexes and rw_locks use Windows interlocked functions
2024-03-12 20:12:51 0 [Note] InnoDB: Uses event mutexes
2024-03-12 20:12:51 0 [Note] InnoDB: Compressed tables use zlib 1.3
2024-03-12 20:12:51 0 [Note] InnoDB: Number of pools: 1
2024-03-12 20:12:51 0 [Note] InnoDB: Using SSE2 crc32 instructions
2024-03-12 20:12:51 0 [Note] InnoDB: Initializing buffer pool, total size = 16M, instances = 1, chunk size = 16M
2024-03-12 20:12:51 0 [Note] InnoDB: Completed initialization of buffer pool
2024-03-12 20:12:51 0 [Note] InnoDB: Starting crash recovery from checkpoint LSN=1167458
2024-03-12 20:12:51 0 [Note] InnoDB: 128 out of 128 rollback segments are active.
2024-03-12 20:12:51 0 [Note] InnoDB: Removed temporary tablespace data file: "ibtmp1"
2024-03-12 20:12:51 0 [Note] InnoDB: Creating shared tablespace for temporary tables
2024-03-12 20:12:51 0 [Note] InnoDB: Setting file 'C:\xampp\mysql\data\ibtmp1' size to 12 MB. Physically writing the file full; Please wait ...
2024-03-12 20:12:51 0 [Note] InnoDB: File 'C:\xampp\mysql\data\ibtmp1' size is now 12 MB.
2024-03-12 20:12:51 0 [Note] InnoDB: Waiting for purge to start
2024-03-12 20:12:51 0 [Note] InnoDB: 10.4.32 started; log sequence number 1167467; transaction id 701
2024-03-12 20:12:51 0 [Note] InnoDB: Loading buffer pool(s) from C:\xampp\mysql\data\ib_buffer_pool
2024-03-12 20:12:51 0 [Note] Plugin 'FEEDBACK' is disabled.
2024-03-12 20:12:51 0 [Note] InnoDB: Buffer pool(s) load completed at 240312 20:12:51
2024-03-12 20:12:51 0 [Note] Server socket created on IP: '::'.
2024-03-12 20:16:52 0 [Note] Starting MariaDB 10.4.32-MariaDB source revision c4143f909528e3fab0677a28631d10389354c491 as process 9908
2024-03-12 20:16:52 0 [Note] InnoDB: Mutexes and rw_locks use Windows interlocked functions
2024-03-12 20:16:52 0 [Note] InnoDB: Uses event mutexes
2024-03-12 20:16:52 0 [Note] InnoDB: Compressed tables use zlib 1.3
2024-03-12 20:16:52 0 [Note] InnoDB: Number of pools: 1
2024-03-12 20:16:52 0 [Note] InnoDB: Using SSE2 crc32 instructions
2024-03-12 20:16:52 0 [Note] InnoDB: Initializing buffer pool, total size = 16M, instances = 1, chunk size = 16M
2024-03-12 20:16:52 0 [Note] InnoDB: Completed initialization of buffer pool
2024-03-12 20:16:52 0 [Note] InnoDB: Starting crash recovery from checkpoint LSN=1167733
2024-03-12 20:16:52 0 [Note] InnoDB: Starting final batch to recover 1 pages from redo log.
2024-03-12 20:16:52 0 [Note] InnoDB: 128 out of 128 rollback segments are active.
2024-03-12 20:16:52 0 [Note] InnoDB: Removed temporary tablespace data file: "ibtmp1"
2024-03-12 20:16:52 0 [Note] InnoDB: Creating shared tablespace for temporary tables
2024-03-12 20:16:52 0 [Note] InnoDB: Setting file 'C:\xampp\mysql\data\ibtmp1' size to 12 MB. Physically writing the file full; Please wait ...
2024-03-12 20:16:52 0 [Note] InnoDB: File 'C:\xampp\mysql\data\ibtmp1' size is now 12 MB.
2024-03-12 20:16:52 0 [Note] InnoDB: 10.4.32 started; log sequence number 1167773; transaction id 707
2024-03-12 20:16:52 0 [Note] Plugin 'FEEDBACK' is disabled.
2024-03-12 20:16:52 0 [Note] InnoDB: Loading buffer pool(s) from C:\xampp\mysql\data\ib_buffer_pool
2024-03-12 20:16:52 0 [Note] InnoDB: Buffer pool(s) load completed at 240312 20:16:52
2024-03-12 20:16:52 0 [Note] Server socket created on IP: '::'.
2024-03-13 11:26:26 0 [Note] Starting MariaDB 10.4.32-MariaDB source revision c4143f909528e3fab0677a28631d10389354c491 as process 10080
2024-03-13 11:26:26 0 [Note] InnoDB: Mutexes and rw_locks use Windows interlocked functions
2024-03-13 11:26:26 0 [Note] InnoDB: Uses event mutexes
2024-03-13 11:26:26 0 [Note] InnoDB: Compressed tables use zlib 1.3
2024-03-13 11:26:26 0 [Note] InnoDB: Number of pools: 1
2024-03-13 11:26:26 0 [Note] InnoDB: Using SSE2 crc32 instructions
2024-03-13 11:26:26 0 [Note] InnoDB: Initializing buffer pool, total size = 16M, instances = 1, chunk size = 16M
2024-03-13 11:26:26 0 [Note] InnoDB: Completed initialization of buffer pool
2024-03-13 11:26:26 0 [Note] InnoDB: Starting crash recovery from checkpoint LSN=1175021
2024-03-13 11:26:26 0 [Note] InnoDB: 128 out of 128 rollback segments are active.
2024-03-13 11:26:26 0 [Note] InnoDB: Removed temporary tablespace data file: "ibtmp1"
2024-03-13 11:26:26 0 [Note] InnoDB: Creating shared tablespace for temporary tables
2024-03-13 11:26:26 0 [Note] InnoDB: Setting file 'C:\xampp\mysql\data\ibtmp1' size to 12 MB. Physically writing the file full; Please wait ...
2024-03-13 11:26:26 0 [Note] InnoDB: File 'C:\xampp\mysql\data\ibtmp1' size is now 12 MB.
2024-03-13 11:26:26 0 [Note] InnoDB: Waiting for purge to start
2024-03-13 11:26:26 0 [Note] InnoDB: 10.4.32 started; log sequence number 1175030; transaction id 762
2024-03-13 11:26:26 0 [Note] InnoDB: Loading buffer pool(s) from C:\xampp\mysql\data\ib_buffer_pool
2024-03-13 11:26:26 0 [Note] Plugin 'FEEDBACK' is disabled.
2024-03-13 11:26:26 0 [Note] InnoDB: Buffer pool(s) load completed at 240313 11:26:26
2024-03-13 11:26:26 0 [Note] Server socket created on IP: '::'.
2024-03-13 12:13:06 0 [Note] Starting MariaDB 10.4.32-MariaDB source revision c4143f909528e3fab0677a28631d10389354c491 as process 21380
2024-03-13 12:13:06 0 [Note] InnoDB: Mutexes and rw_locks use Windows interlocked functions
2024-03-13 12:13:06 0 [Note] InnoDB: Uses event mutexes
2024-03-13 12:13:06 0 [Note] InnoDB: Compressed tables use zlib 1.3
2024-03-13 12:13:06 0 [Note] InnoDB: Number of pools: 1
2024-03-13 12:13:06 0 [Note] InnoDB: Using SSE2 crc32 instructions
2024-03-13 12:13:06 0 [Note] InnoDB: Initializing buffer pool, total size = 16M, instances = 1, chunk size = 16M
2024-03-13 12:13:06 0 [Note] InnoDB: Completed initialization of buffer pool
2024-03-13 12:13:06 0 [Note] InnoDB: Starting crash recovery from checkpoint LSN=1175761
2024-03-13 12:13:06 0 [Note] InnoDB: 128 out of 128 rollback segments are active.
2024-03-13 12:13:06 0 [Note] InnoDB: Removed temporary tablespace data file: "ibtmp1"
2024-03-13 12:13:06 0 [Note] InnoDB: Creating shared tablespace for temporary tables
2024-03-13 12:13:06 0 [Note] InnoDB: Setting file 'C:\xampp\mysql\data\ibtmp1' size to 12 MB. Physically writing the file full; Please wait ...
2024-03-13 12:13:06 0 [Note] InnoDB: File 'C:\xampp\mysql\data\ibtmp1' size is now 12 MB.
2024-03-13 12:13:06 0 [Note] InnoDB: 10.4.32 started; log sequence number 1175770; transaction id 796
2024-03-13 12:13:06 0 [Note] InnoDB: Loading buffer pool(s) from C:\xampp\mysql\data\ib_buffer_pool
2024-03-13 12:13:06 0 [Note] Plugin 'FEEDBACK' is disabled.
2024-03-13 12:13:07 0 [Note] InnoDB: Buffer pool(s) load completed at 240313 12:13:07
2024-03-13 12:13:07 0 [Note] Server socket created on IP: '::'.
2024-03-13 12:13:24 0 [Note] Starting MariaDB 10.4.32-MariaDB source revision c4143f909528e3fab0677a28631d10389354c491 as process 13632
2024-03-13 12:13:24 0 [Note] InnoDB: Mutexes and rw_locks use Windows interlocked functions
2024-03-13 12:13:24 0 [Note] InnoDB: Uses event mutexes
2024-03-13 12:13:24 0 [Note] InnoDB: Compressed tables use zlib 1.3
2024-03-13 12:13:24 0 [Note] InnoDB: Number of pools: 1
2024-03-13 12:13:24 0 [Note] InnoDB: Using SSE2 crc32 instructions
2024-03-13 12:13:24 0 [Note] InnoDB: Initializing buffer pool, total size = 16M, instances = 1, chunk size = 16M
2024-03-13 12:13:24 0 [Note] InnoDB: Completed initialization of buffer pool
2024-03-13 12:13:24 0 [Note] InnoDB: Starting crash recovery from checkpoint LSN=1175779
2024-03-13 12:13:24 0 [Note] InnoDB: 128 out of 128 rollback segments are active.
2024-03-13 12:13:24 0 [Note] InnoDB: Removed temporary tablespace data file: "ibtmp1"
2024-03-13 12:13:24 0 [Note] InnoDB: Creating shared tablespace for temporary tables
2024-03-13 12:13:24 0 [Note] InnoDB: Setting file 'C:\xampp\mysql\data\ibtmp1' size to 12 MB. Physically writing the file full; Please wait ...
2024-03-13 12:13:24 0 [Note] InnoDB: File 'C:\xampp\mysql\data\ibtmp1' size is now 12 MB.
2024-03-13 12:13:24 0 [Note] InnoDB: 10.4.32 started; log sequence number 1175788; transaction id 796
2024-03-13 12:13:24 0 [Note] InnoDB: Loading buffer pool(s) from C:\xampp\mysql\data\ib_buffer_pool
2024-03-13 12:13:24 0 [Note] Plugin 'FEEDBACK' is disabled.
2024-03-13 12:13:24 0 [Note] Server socket created on IP: '::'.
2024-03-14 12:12:17 0 [Note] Starting MariaDB 10.4.32-MariaDB source revision c4143f909528e3fab0677a28631d10389354c491 as process 20572
2024-03-14 12:12:17 0 [Note] InnoDB: Mutexes and rw_locks use Windows interlocked functions
2024-03-14 12:12:17 0 [Note] InnoDB: Uses event mutexes
2024-03-14 12:12:17 0 [Note] InnoDB: Compressed tables use zlib 1.3
2024-03-14 12:12:17 0 [Note] InnoDB: Number of pools: 1
2024-03-14 12:12:17 0 [Note] InnoDB: Using SSE2 crc32 instructions
2024-03-14 12:12:17 0 [Note] InnoDB: Initializing buffer pool, total size = 16M, instances = 1, chunk size = 16M
2024-03-14 12:12:17 0 [Note] InnoDB: Completed initialization of buffer pool
2024-03-14 12:12:17 0 [Note] InnoDB: Starting crash recovery from checkpoint LSN=1176122
2024-03-14 12:12:17 0 [Note] InnoDB: 128 out of 128 rollback segments are active.
2024-03-14 12:12:17 0 [Note] InnoDB: Removed temporary tablespace data file: "ibtmp1"
2024-03-14 12:12:17 0 [Note] InnoDB: Creating shared tablespace for temporary tables
2024-03-14 12:12:17 0 [Note] InnoDB: Setting file 'C:\xampp\mysql\data\ibtmp1' size to 12 MB. Physically writing the file full; Please wait ...
2024-03-14 12:12:17 0 [Note] InnoDB: File 'C:\xampp\mysql\data\ibtmp1' size is now 12 MB.
2024-03-14 12:12:17 0 [Note] InnoDB: 10.4.32 started; log sequence number 1176131; transaction id 806
2024-03-14 12:12:17 0 [Note] InnoDB: Loading buffer pool(s) from C:\xampp\mysql\data\ib_buffer_pool
2024-03-14 12:12:17 0 [Note] Plugin 'FEEDBACK' is disabled.
2024-03-14 12:12:17 0 [Note] Server socket created on IP: '::'.
2024-03-14 12:13:39 0 [Note] Starting MariaDB 10.4.32-MariaDB source revision c4143f909528e3fab0677a28631d10389354c491 as process 25924
2024-03-14 12:13:39 0 [Note] InnoDB: Mutexes and rw_locks use Windows interlocked functions
2024-03-14 12:13:39 0 [Note] InnoDB: Uses event mutexes
2024-03-14 12:13:39 0 [Note] InnoDB: Compressed tables use zlib 1.3
2024-03-14 12:13:39 0 [Note] InnoDB: Number of pools: 1
2024-03-14 12:13:39 0 [Note] InnoDB: Using SSE2 crc32 instructions
2024-03-14 12:13:39 0 [Note] InnoDB: Initializing buffer pool, total size = 16M, instances = 1, chunk size = 16M
2024-03-14 12:13:39 0 [Note] InnoDB: Completed initialization of buffer pool
2024-03-14 12:13:39 0 [Note] InnoDB: Starting crash recovery from checkpoint LSN=1176122
2024-03-14 12:13:39 0 [Note] InnoDB: 128 out of 128 rollback segments are active.
2024-03-14 12:13:39 0 [Note] InnoDB: Removed temporary tablespace data file: "ibtmp1"
2024-03-14 12:13:39 0 [Note] InnoDB: Creating shared tablespace for temporary tables
2024-03-14 12:13:39 0 [Note] InnoDB: Setting file 'C:\xampp\mysql\data\ibtmp1' size to 12 MB. Physically writing the file full; Please wait ...
2024-03-14 12:13:39 0 [Note] InnoDB: File 'C:\xampp\mysql\data\ibtmp1' size is now 12 MB.
2024-03-14 12:13:39 0 [Note] InnoDB: Waiting for purge to start
2024-03-14 12:13:39 0 [Note] InnoDB: 10.4.32 started; log sequence number 1176131; transaction id 806
2024-03-14 12:13:39 0 [Note] InnoDB: Loading buffer pool(s) from C:\xampp\mysql\data\ib_buffer_pool
2024-03-14 12:13:39 0 [Note] Plugin 'FEEDBACK' is disabled.
2024-03-14 12:13:39 0 [Note] Server socket created on IP: '::'.
2024-03-14 12:13:49 0 [Note] Starting MariaDB 10.4.32-MariaDB source revision c4143f909528e3fab0677a28631d10389354c491 as process 21268
2024-03-14 12:13:49 0 [Note] InnoDB: Mutexes and rw_locks use Windows interlocked functions
2024-03-14 12:13:49 0 [Note] InnoDB: Uses event mutexes
2024-03-14 12:13:49 0 [Note] InnoDB: Compressed tables use zlib 1.3
2024-03-14 12:13:49 0 [Note] InnoDB: Number of pools: 1
2024-03-14 12:13:49 0 [Note] InnoDB: Using SSE2 crc32 instructions
2024-03-14 12:13:49 0 [Note] InnoDB: Initializing buffer pool, total size = 16M, instances = 1, chunk size = 16M
2024-03-14 12:13:49 0 [Note] InnoDB: Completed initialization of buffer pool
2024-03-14 12:13:49 0 [Note] InnoDB: Starting crash recovery from checkpoint LSN=1176140
2024-03-14 12:13:49 0 [Note] InnoDB: 128 out of 128 rollback segments are active.
2024-03-14 12:13:49 0 [Note] InnoDB: Removed temporary tablespace data file: "ibtmp1"
2024-03-14 12:13:49 0 [Note] InnoDB: Creating shared tablespace for temporary tables
2024-03-14 12:13:49 0 [Note] InnoDB: Setting file 'C:\xampp\mysql\data\ibtmp1' size to 12 MB. Physically writing the file full; Please wait ...
2024-03-14 12:13:49 0 [Note] InnoDB: File 'C:\xampp\mysql\data\ibtmp1' size is now 12 MB.
2024-03-14 12:13:49 0 [Note] InnoDB: 10.4.32 started; log sequence number 1176149; transaction id 806
2024-03-14 12:13:49 0 [Note] InnoDB: Loading buffer pool(s) from C:\xampp\mysql\data\ib_buffer_pool
2024-03-14 12:13:49 0 [Note] Plugin 'FEEDBACK' is disabled.
2024-03-14 12:13:49 0 [Note] Server socket created on IP: '::'.
2024-03-21  0:08:18 0 [Note] Starting MariaDB 10.4.32-MariaDB source revision c4143f909528e3fab0677a28631d10389354c491 as process 23420
2024-03-21  0:08:18 0 [Note] InnoDB: Mutexes and rw_locks use Windows interlocked functions
2024-03-21  0:08:18 0 [Note] InnoDB: Uses event mutexes
2024-03-21  0:08:18 0 [Note] InnoDB: Compressed tables use zlib 1.3
2024-03-21  0:08:18 0 [Note] InnoDB: Number of pools: 1
2024-03-21  0:08:18 0 [Note] InnoDB: Using SSE2 crc32 instructions
2024-03-21  0:08:18 0 [Note] InnoDB: Initializing buffer pool, total size = 16M, instances = 1, chunk size = 16M
2024-03-21  0:08:18 0 [Note] InnoDB: Completed initialization of buffer pool
2024-03-21  0:08:18 0 [Note] InnoDB: Starting crash recovery from checkpoint LSN=1176467
2024-03-21  0:08:18 0 [Note] InnoDB: 128 out of 128 rollback segments are active.
2024-03-21  0:08:18 0 [Note] InnoDB: Removed temporary tablespace data file: "ibtmp1"
2024-03-21  0:08:18 0 [Note] InnoDB: Creating shared tablespace for temporary tables
2024-03-21  0:08:18 0 [Note] InnoDB: Setting file 'C:\xampp\mysql\data\ibtmp1' size to 12 MB. Physically writing the file full; Please wait ...
2024-03-21  0:08:18 0 [Note] InnoDB: File 'C:\xampp\mysql\data\ibtmp1' size is now 12 MB.
2024-03-21  0:08:18 0 [Note] InnoDB: Waiting for purge to start
2024-03-21  0:08:18 0 [Note] InnoDB: 10.4.32 started; log sequence number 1176476; transaction id 812
2024-03-21  0:08:18 0 [Note] InnoDB: Loading buffer pool(s) from C:\xampp\mysql\data\ib_buffer_pool
2024-03-21  0:08:18 0 [Note] Plugin 'FEEDBACK' is disabled.
2024-03-21  0:08:18 0 [Note] InnoDB: Buffer pool(s) load completed at 240321  0:08:18
2024-03-21  0:08:18 0 [Note] Server socket created on IP: '::'.
2024-03-21  0:08:32 0 [Note] Starting MariaDB 10.4.32-MariaDB source revision c4143f909528e3fab0677a28631d10389354c491 as process 14808
2024-03-21  0:08:32 0 [Note] InnoDB: Mutexes and rw_locks use Windows interlocked functions
2024-03-21  0:08:32 0 [Note] InnoDB: Uses event mutexes
2024-03-21  0:08:32 0 [Note] InnoDB: Compressed tables use zlib 1.3
2024-03-21  0:08:32 0 [Note] InnoDB: Number of pools: 1
2024-03-21  0:08:32 0 [Note] InnoDB: Using SSE2 crc32 instructions
2024-03-21  0:08:32 0 [Note] InnoDB: Initializing buffer pool, total size = 16M, instances = 1, chunk size = 16M
2024-03-21  0:08:32 0 [Note] InnoDB: Completed initialization of buffer pool
2024-03-21  0:08:32 0 [Note] InnoDB: Starting crash recovery from checkpoint LSN=1176467
2024-03-21  0:08:32 0 [Note] InnoDB: 128 out of 128 rollback segments are active.
2024-03-21  0:08:32 0 [Note] InnoDB: Removed temporary tablespace data file: "ibtmp1"
2024-03-21  0:08:32 0 [Note] InnoDB: Creating shared tablespace for temporary tables
2024-03-21  0:08:32 0 [Note] InnoDB: Setting file 'C:\xampp\mysql\data\ibtmp1' size to 12 MB. Physically writing the file full; Please wait ...
2024-03-21  0:08:32 0 [Note] InnoDB: File 'C:\xampp\mysql\data\ibtmp1' size is now 12 MB.
2024-03-21  0:08:32 0 [Note] InnoDB: Waiting for purge to start
2024-03-21  0:08:32 0 [Note] InnoDB: 10.4.32 started; log sequence number 1176476; transaction id 812
2024-03-21  0:08:32 0 [Note] InnoDB: Loading buffer pool(s) from C:\xampp\mysql\data\ib_buffer_pool
2024-03-21  0:08:32 0 [Note] Plugin 'FEEDBACK' is disabled.
2024-03-21  0:08:32 0 [Note] InnoDB: Buffer pool(s) load completed at 240321  0:08:32
2024-03-21  0:08:32 0 [Note] Server socket created on IP: '::'.
2024-03-21 11:16:27 0 [Note] Starting MariaDB 10.4.32-MariaDB source revision c4143f909528e3fab0677a28631d10389354c491 as process 17564
2024-03-21 11:16:27 0 [Note] InnoDB: Mutexes and rw_locks use Windows interlocked functions
2024-03-21 11:16:27 0 [Note] InnoDB: Uses event mutexes
2024-03-21 11:16:27 0 [Note] InnoDB: Compressed tables use zlib 1.3
2024-03-21 11:16:27 0 [Note] InnoDB: Number of pools: 1
2024-03-21 11:16:27 0 [Note] InnoDB: Using SSE2 crc32 instructions
2024-03-21 11:16:27 0 [Note] InnoDB: Initializing buffer pool, total size = 16M, instances = 1, chunk size = 16M
2024-03-21 11:16:27 0 [Note] InnoDB: Completed initialization of buffer pool
2024-03-21 11:16:27 0 [Note] InnoDB: Starting crash recovery from checkpoint LSN=1177632
2024-03-21 11:16:27 0 [Note] InnoDB: 128 out of 128 rollback segments are active.
2024-03-21 11:16:27 0 [Note] InnoDB: Removed temporary tablespace data file: "ibtmp1"
2024-03-21 11:16:27 0 [Note] InnoDB: Creating shared tablespace for temporary tables
2024-03-21 11:16:27 0 [Note] InnoDB: Setting file 'C:\xampp\mysql\data\ibtmp1' size to 12 MB. Physically writing the file full; Please wait ...
2024-03-21 11:16:27 0 [Note] InnoDB: File 'C:\xampp\mysql\data\ibtmp1' size is now 12 MB.
2024-03-21 11:16:27 0 [Note] InnoDB: Waiting for purge to start
2024-03-21 11:16:27 0 [Note] InnoDB: 10.4.32 started; log sequence number 1177641; transaction id 826
2024-03-21 11:16:27 0 [Note] InnoDB: Loading buffer pool(s) from C:\xampp\mysql\data\ib_buffer_pool
2024-03-21 11:16:27 0 [Note] Plugin 'FEEDBACK' is disabled.
2024-03-21 11:16:27 0 [Note] Server socket created on IP: '::'.
2024-03-21 11:48:22 0 [Note] Starting MariaDB 10.4.32-MariaDB source revision c4143f909528e3fab0677a28631d10389354c491 as process 10936
2024-03-21 11:48:22 0 [Note] InnoDB: Mutexes and rw_locks use Windows interlocked functions
2024-03-21 11:48:22 0 [Note] InnoDB: Uses event mutexes
2024-03-21 11:48:22 0 [Note] InnoDB: Compressed tables use zlib 1.3
2024-03-21 11:48:22 0 [Note] InnoDB: Number of pools: 1
2024-03-21 11:48:22 0 [Note] InnoDB: Using SSE2 crc32 instructions
2024-03-21 11:48:22 0 [Note] InnoDB: Initializing buffer pool, total size = 16M, instances = 1, chunk size = 16M
2024-03-21 11:48:22 0 [Note] InnoDB: Completed initialization of buffer pool
2024-03-21 11:48:22 0 [Note] InnoDB: Starting crash recovery from checkpoint LSN=1178306
2024-03-21 11:48:22 0 [Note] InnoDB: 128 out of 128 rollback segments are active.
2024-03-21 11:48:22 0 [Note] InnoDB: Removed temporary tablespace data file: "ibtmp1"
2024-03-21 11:48:22 0 [Note] InnoDB: Creating shared tablespace for temporary tables
2024-03-21 11:48:22 0 [Note] InnoDB: Setting file 'C:\xampp\mysql\data\ibtmp1' size to 12 MB. Physically writing the file full; Please wait ...
2024-03-21 11:48:22 0 [Note] InnoDB: File 'C:\xampp\mysql\data\ibtmp1' size is now 12 MB.
2024-03-21 11:48:22 0 [Note] InnoDB: Waiting for purge to start
2024-03-21 11:48:22 0 [Note] InnoDB: 10.4.32 started; log sequence number 1178315; transaction id 858
2024-03-21 11:48:22 0 [Note] InnoDB: Loading buffer pool(s) from C:\xampp\mysql\data\ib_buffer_pool
2024-03-21 11:48:22 0 [Note] Plugin 'FEEDBACK' is disabled.
2024-03-21 11:48:22 0 [Note] Server socket created on IP: '::'.
2024-06-12 15:20:46 0 [Note] Starting MariaDB 10.4.32-MariaDB source revision c4143f909528e3fab0677a28631d10389354c491 as process 5560
2024-06-12 15:20:46 0 [Note] InnoDB: Mutexes and rw_locks use Windows interlocked functions
2024-06-12 15:20:46 0 [Note] InnoDB: Uses event mutexes
2024-06-12 15:20:46 0 [Note] InnoDB: Compressed tables use zlib 1.3
2024-06-12 15:20:46 0 [Note] InnoDB: Number of pools: 1
2024-06-12 15:20:46 0 [Note] InnoDB: Using SSE2 crc32 instructions
2024-06-12 15:20:46 0 [Note] InnoDB: Initializing buffer pool, total size = 16M, instances = 1, chunk size = 16M
2024-06-12 15:20:46 0 [Note] InnoDB: Completed initialization of buffer pool
2024-06-12 15:20:46 0 [Note] InnoDB: Starting crash recovery from checkpoint LSN=1178667
2024-06-12 15:20:47 0 [Note] InnoDB: 128 out of 128 rollback segments are active.
2024-06-12 15:20:47 0 [Note] InnoDB: Removed temporary tablespace data file: "ibtmp1"
2024-06-12 15:20:47 0 [Note] InnoDB: Creating shared tablespace for temporary tables
2024-06-12 15:20:47 0 [Note] InnoDB: Setting file 'C:\xampp\mysql\data\ibtmp1' size to 12 MB. Physically writing the file full; Please wait ...
2024-06-12 15:20:47 0 [Note] InnoDB: File 'C:\xampp\mysql\data\ibtmp1' size is now 12 MB.
2024-06-12 15:20:47 0 [Note] InnoDB: Waiting for purge to start
2024-06-12 15:20:47 0 [Note] InnoDB: 10.4.32 started; log sequence number 1178676; transaction id 868
2024-06-12 15:20:47 0 [Note] InnoDB: Loading buffer pool(s) from C:\xampp\mysql\data\ib_buffer_pool
2024-06-12 15:20:47 0 [Note] Plugin 'FEEDBACK' is disabled.
2024-06-12 15:20:47 0 [Note] InnoDB: Buffer pool(s) load completed at 240612 15:20:47
2024-06-12 15:20:47 0 [Note] Server socket created on IP: '::'.
2024-07-12 18:31:50 0 [Note] Starting MariaDB 10.4.32-MariaDB source revision c4143f909528e3fab0677a28631d10389354c491 as process 18800
2024-07-12 18:31:50 0 [Note] InnoDB: Mutexes and rw_locks use Windows interlocked functions
2024-07-12 18:31:50 0 [Note] InnoDB: Uses event mutexes
2024-07-12 18:31:50 0 [Note] InnoDB: Compressed tables use zlib 1.3
2024-07-12 18:31:50 0 [Note] InnoDB: Number of pools: 1
2024-07-12 18:31:50 0 [Note] InnoDB: Using SSE2 crc32 instructions
2024-07-12 18:31:50 0 [Note] InnoDB: Initializing buffer pool, total size = 16M, instances = 1, chunk size = 16M
2024-07-12 18:31:50 0 [Note] InnoDB: Completed initialization of buffer pool
2024-07-12 18:31:50 0 [Note] InnoDB: Starting crash recovery from checkpoint LSN=1180457
2024-07-12 18:31:50 0 [Note] InnoDB: 128 out of 128 rollback segments are active.
2024-07-12 18:31:50 0 [Note] InnoDB: Removed temporary tablespace data file: "ibtmp1"
2024-07-12 18:31:50 0 [Note] InnoDB: Creating shared tablespace for temporary tables
2024-07-12 18:31:50 0 [Note] InnoDB: Setting file 'C:\xampp\mysql\data\ibtmp1' size to 12 MB. Physically writing the file full; Please wait ...
2024-07-12 18:31:50 0 [Note] InnoDB: File 'C:\xampp\mysql\data\ibtmp1' size is now 12 MB.
2024-07-12 18:31:50 0 [Note] InnoDB: Waiting for purge to start
2024-07-12 18:31:50 0 [Note] InnoDB: 10.4.32 started; log sequence number 1180466; transaction id 897
2024-07-12 18:31:50 0 [Note] InnoDB: Loading buffer pool(s) from C:\xampp\mysql\data\ib_buffer_pool
2024-07-12 18:31:50 0 [Note] Plugin 'FEEDBACK' is disabled.
2024-07-12 18:31:50 0 [Note] InnoDB: Buffer pool(s) load completed at 240712 18:31:50
2024-07-12 18:31:50 0 [Note] Server socket created on IP: '::'.
